<?xml version="1.0" encoding="UTF-8"?>
<!-- Generated by org.testng.reporters.JUnitReportReporter -->
<testsuite hostname="DESKTOP-OJEOPFK" failures="0" tests="1" name="automation.Saucelab" time="1.175" errors="0" timestamp="2023-06-13T16:11:45 IST" skipped="0">
  <testcase classname="automation.Saucelab" name="addtocart" time="1.175"/>
  <system-out/>
</testsuite> <!-- automation.Saucelab -->
