<?xml version="1.0" encoding="UTF-8"?>
<!-- Generated by org.testng.reporters.JUnitReportReporter -->
<testsuite hostname="DESKTOP-OJEOPFK" failures="0" tests="5" name="automation.Saucelab" time="7.163" errors="0" timestamp="2023-06-14T12:19:04 IST" skipped="0">
  <testcase classname="automation.Saucelab" name="inputvalidations" time="1.373"/>
  <system-out/>
  <testcase classname="automation.Saucelab" name="inputvalidations" time="1.461"/>
  <system-out/>
  <testcase classname="automation.Saucelab" name="inputvalidations" time="1.493"/>
  <system-out/>
  <testcase classname="automation.Saucelab" name="inputvalidations" time="1.487"/>
  <system-out/>
  <testcase classname="automation.Saucelab" name="inputvalidations" time="1.349"/>
  <system-out/>
</testsuite> <!-- automation.Saucelab -->
